<?xml version="1.0" encoding="UTF-8"?>
<testng-results ignored="0" total="1" passed="1" failed="0" skipped="0">
  <reporter-output>
  </reporter-output>
  <suite started-at="2022-09-13T12:22:04 IST" name="Default suite" finished-at="2022-09-13T12:22:11 IST" duration-ms="7724">
    <groups>
    </groups>
    <test started-at="2022-09-13T12:22:04 IST" name="Default test" finished-at="2022-09-13T12:22:11 IST" duration-ms="7724">
      <class name="practice2.ActionsClass">
        <test-method signature="Actions()[pri:0, instance:practice2.ActionsClass@6f46426d]" started-at="2022-09-13T12:22:04 IST" name="Actions" finished-at="2022-09-13T12:22:11 IST" duration-ms="7679" status="PASS">
          <reporter-output>
          </reporter-output>
        </test-method> <!-- Actions -->
      </class> <!-- practice2.ActionsClass -->
    </test> <!-- Default test -->
  </suite> <!-- Default suite -->
</testng-results>
